<?xml version="1.0" encoding="UTF-8"?>
<!-- Generated by org.testng.reporters.JUnitReportReporter -->
<testsuite hostname="MoeesMohammad" failures="0" tests="1" name="tests.TestCase9" time="7.766" errors="0" timestamp="2024-03-12T11:14:17 IST" skipped="0">
  <testcase classname="tests.TestCase9" name="searchproduct" time="7.766"/>
  <system-out/>
</testsuite> <!-- tests.TestCase9 -->
