<?xml version="1.0" encoding="UTF-8"?>
<!-- Generated by org.testng.reporters.JUnitReportReporter -->
<testsuite hostname="MoeesMohammad" failures="0" tests="1" name="tests.TestCase16" time="30.910" errors="0" timestamp="2024-03-14T11:25:23 IST" skipped="0">
  <testcase classname="tests.TestCase16" name="loginbeforecheckout" time="30.910"/>
  <system-out/>
</testsuite> <!-- tests.TestCase16 -->
