<?xml version="1.0" encoding="UTF-8"?>
<!-- Generated by org.testng.reporters.JUnitReportReporter -->
<testsuite hostname="MoeesMohammad" failures="0" tests="1" name="tests.TestCase17" time="6.713" errors="0" timestamp="2024-03-14T11:31:31 IST" skipped="0">
  <testcase classname="tests.TestCase17" name="removeproductfromcart" time="6.713"/>
  <system-out/>
</testsuite> <!-- tests.TestCase17 -->
