<?xml version="1.0" encoding="UTF-8"?>
<!-- Generated by org.testng.reporters.JUnitReportReporter -->
<testsuite hostname="MoeesMohammad" failures="0" tests="1" name="tests.TestCase26" time="0.255" errors="0" timestamp="2024-03-21T10:16:05 IST" skipped="0">
  <testcase classname="tests.TestCase26" name="withoutusingarrow" time="0.255"/>
  <system-out/>
</testsuite> <!-- tests.TestCase26 -->
