<?xml version="1.0" encoding="UTF-8"?>
<!-- Generated by org.testng.reporters.JUnitReportReporter -->
<testsuite hostname="MoeesMohammad" failures="0" tests="1" name="tests.TestCase2" time="7.841" errors="0" timestamp="2024-03-11T10:36:56 IST" skipped="0">
  <testcase classname="tests.TestCase2" name="LoginwithCorrectEmailandPass" time="7.841"/>
  <system-out/>
</testsuite> <!-- tests.TestCase2 -->
