<?xml version="1.0" encoding="UTF-8"?>
<!-- Generated by org.testng.reporters.JUnitReportReporter -->
<testsuite hostname="MoeesMohammad" failures="0" tests="1" name="tests.testcase1" time="9.578" errors="0" timestamp="2024-03-10T16:49:27 IST" skipped="0">
  <testcase classname="tests.testcase1" name="registeruser" time="9.578"/>
  <system-out/>
</testsuite> <!-- tests.testcase1 -->
