<?xml version="1.0" encoding="UTF-8"?>
<!-- Generated by org.testng.reporters.JUnitReportReporter -->
<testsuite hostname="MoeesMohammad" failures="0" tests="1" name="tests.TestCase25" time="4.070" errors="0" timestamp="2024-03-21T10:11:05 IST" skipped="0">
  <testcase classname="tests.TestCase25" name="scrolldownvarification" time="4.070"/>
  <system-out/>
</testsuite> <!-- tests.TestCase25 -->
