<?xml version="1.0" encoding="UTF-8"?>
<!-- Generated by org.testng.reporters.JUnitReportReporter -->
<testsuite hostname="MoeesMohammad" failures="0" tests="1" name="tests.TestCase19" time="6.049" errors="0" timestamp="2024-03-18T09:51:50 IST" skipped="0">
  <testcase classname="tests.TestCase19" name="viewcartbutton" time="6.049"/>
  <system-out/>
</testsuite> <!-- tests.TestCase19 -->
