<?xml version="1.0" encoding="UTF-8"?>
<!-- Generated by org.testng.reporters.JUnitReportReporter -->
<testsuite hostname="MoeesMohammad" failures="0" tests="1" name="tests.TestCase22" time="9.856" errors="0" timestamp="2024-03-19T11:15:00 IST" skipped="0">
  <testcase classname="tests.TestCase22" name="addtocartfromrecommended" time="9.856"/>
  <system-out/>
</testsuite> <!-- tests.TestCase22 -->
