<?xml version="1.0" encoding="UTF-8"?>
<!-- Generated by org.testng.reporters.JUnitReportReporter -->
<testsuite hostname="MoeesMohammad" failures="0" tests="1" name="tests.TestCase7" time="3.710" errors="0" timestamp="2024-03-12T10:39:06 IST" skipped="0">
  <testcase classname="tests.TestCase7" name="testcasepage" time="3.710"/>
  <system-out/>
</testsuite> <!-- tests.TestCase7 -->
