<?xml version="1.0" encoding="UTF-8"?>
<!-- Generated by org.testng.reporters.JUnitReportReporter -->
<testsuite hostname="MoeesMohammad" failures="0" tests="1" name="tests.TestCase4" time="6.378" errors="0" timestamp="2024-03-11T10:52:15 IST" skipped="0">
  <testcase classname="tests.TestCase4" name="logoutuser" time="6.378"/>
  <system-out/>
</testsuite> <!-- tests.TestCase4 -->
