<?xml version="1.0" encoding="UTF-8"?>
<!-- Generated by org.testng.reporters.JUnitReportReporter -->
<testsuite hostname="MoeesMohammad" failures="0" tests="1" name="tests.TestCase3" time="3.332" errors="0" timestamp="2024-03-11T10:42:52 IST" skipped="0">
  <testcase classname="tests.TestCase3" name="Loginwithincorrectemailandpass" time="3.332"/>
  <system-out/>
</testsuite> <!-- tests.TestCase3 -->
