<?xml version="1.0" encoding="UTF-8"?>
<!-- Generated by org.testng.reporters.JUnitReportReporter -->
<testsuite hostname="MoeesMohammad" failures="0" tests="1" name="tests.TestCase13" time="6.721" errors="0" timestamp="2024-03-13T09:46:36 IST" skipped="0">
  <testcase classname="tests.TestCase13" name="varifyproductquantityincart" time="6.721"/>
  <system-out/>
</testsuite> <!-- tests.TestCase13 -->
