<?xml version="1.0" encoding="UTF-8"?>
<!-- Generated by org.testng.reporters.JUnitReportReporter -->
<testsuite hostname="MoeesMohammad" failures="0" tests="1" name="tests.TestCase20" time="26.030" errors="0" timestamp="2024-03-18T10:38:07 IST" skipped="0">
  <testcase classname="tests.TestCase20" name="varifyproductafterlogin" time="26.030"/>
  <system-out/>
</testsuite> <!-- tests.TestCase20 -->
