<?xml version="1.0" encoding="UTF-8"?>
<!-- Generated by org.testng.reporters.JUnitReportReporter -->
<testsuite hostname="MoeesMohammad" failures="0" tests="1" name="tests.TestCase5" time="6.023" errors="0" timestamp="2024-03-12T09:41:47 IST" skipped="0">
  <testcase classname="tests.TestCase5" name="existingemail" time="6.023"/>
  <system-out/>
</testsuite> <!-- tests.TestCase5 -->
