<?xml version="1.0" encoding="UTF-8"?>
<!-- Generated by org.testng.reporters.JUnitReportReporter -->
<testsuite hostname="MoeesMohammad" failures="0" tests="1" name="tests.TestCase6" time="3.128" errors="0" timestamp="2024-03-12T10:33:58 IST" skipped="0">
  <testcase classname="tests.TestCase6" name="contactusform" time="3.128"/>
  <system-out/>
</testsuite> <!-- tests.TestCase6 -->
