<?xml version="1.0" encoding="UTF-8"?>
<!-- Generated by org.testng.reporters.JUnitReportReporter -->
<testsuite hostname="MoeesMohammad" failures="0" tests="1" name="tests.TestCase11" time="1.875" errors="0" timestamp="2024-03-13T09:12:16 IST" skipped="0">
  <testcase classname="tests.TestCase11" name="viewsubscriptionincart" time="1.875"/>
  <system-out/>
</testsuite> <!-- tests.TestCase11 -->
